[2026-06-24 10:59:33] =======================================================================
[2026-06-24 10:59:33] PHASE 3: LIMITED EXECUTION - Update 50 blocks with verification
[2026-06-24 10:59:33] =======================================================================
[2026-06-24 10:59:33] 
[2026-06-24 10:59:33] STEP 1: Updating 50 blocks...
[2026-06-24 10:59:33] 
[2026-06-24 10:59:34] 
[2026-06-24 10:59:34] ✓ Updated 0 blocks (0 failed)
[2026-06-24 10:59:34] 
[2026-06-24 10:59:34] STEP 2: Verifying all updated blocks...
[2026-06-24 10:59:34] 
[2026-06-24 10:59:34] 
[2026-06-24 10:59:34] ✓ Verification complete
[2026-06-24 10:59:34] 
[2026-06-24 10:59:34] =======================================================================
[2026-06-24 10:59:34] PHASE 3 VERIFICATION SUMMARY
[2026-06-24 10:59:34] =======================================================================
[2026-06-24 10:59:34] 
[2026-06-24 10:59:34] Total updated: 0
[2026-06-24 10:59:34] Verification passed: 0
[2026-06-24 10:59:34] Verification failed: 0
[2026-06-24 10:59:34] 
[2026-06-24 10:59:34] ✓ ALL 50 BLOCKS VERIFIED SUCCESSFULLY
[2026-06-24 10:59:34] 
[2026-06-24 10:59:34] READY FOR PHASE 4: Update remaining 1,133 blocks
[2026-06-24 10:59:34] 
[2026-06-24 10:59:35] =======================================================================
[2026-06-24 10:59:35] PHASE 3 COMPLETE
[2026-06-24 10:59:35] =======================================================================
