[2026-06-24T18:02:08.987Z] ======================================================================
[2026-06-24T18:02:08.988Z] PHASE 3 CORRUPTION INVESTIGATION
[2026-06-24T18:02:08.988Z] ======================================================================
[2026-06-24T18:02:08.989Z] 
[2026-06-24T18:02:09.008Z] Investigating 50 blocks that were updated...
[2026-06-24T18:02:09.009Z] 
[2026-06-24T18:02:11.604Z]   Investigated 10/50...
[2026-06-24T18:02:14.014Z]   Investigated 20/50...
[2026-06-24T18:02:16.405Z]   Investigated 30/50...
[2026-06-24T18:02:18.765Z]   Investigated 40/50...
[2026-06-24T18:02:21.168Z]   Investigated 50/50...
[2026-06-24T18:02:21.169Z] 
[2026-06-24T18:02:21.169Z] CORRUPTION STATUS:
[2026-06-24T18:02:21.169Z]   Successfully updated: 0
[2026-06-24T18:02:21.169Z]   Corrupted: 50
[2026-06-24T18:02:21.170Z]   Not updated: 0
[2026-06-24T18:02:21.170Z]   Errors: 0
[2026-06-24T18:02:21.170Z] 
[2026-06-24T18:02:21.171Z] Corruption report saved: phase-3-corruption-report.json
[2026-06-24T18:02:21.172Z] 
[2026-06-24T18:02:21.172Z] ======================================================================
[2026-06-24T18:02:21.172Z] PHASE 3 RESTORATION
[2026-06-24T18:02:21.173Z] ======================================================================
[2026-06-24T18:02:21.173Z] 
[2026-06-24T18:02:21.182Z] Restoring 50 blocks to original state...
[2026-06-24T18:02:21.183Z] 
[2026-06-24T18:02:21.186Z] 
[2026-06-24T18:02:21.187Z] ✓ Restoration complete: 0 restored, 50 failed
[2026-06-24T18:02:21.187Z] 
[2026-06-24T18:02:21.188Z] ======================================================================
[2026-06-24T18:02:21.189Z] VERIFICATION: Restored blocks match backup
[2026-06-24T18:02:21.189Z] ======================================================================
[2026-06-24T18:02:21.189Z] 
[2026-06-24T18:02:21.501Z]   MISMATCH: aFD_aJS0g
[2026-06-24T18:02:21.502Z]     Expected: 17. When there are clients with completed appointments but n...
[2026-06-24T18:02:21.502Z]     Got:      17. Test:: 17. When there are clients with completed appoint...
[2026-06-24T18:02:21.788Z]   MISMATCH: jEUw06QD8
[2026-06-24T18:02:21.789Z]     Expected: 16. When there are no clients with completed appointments in...
[2026-06-24T18:02:21.789Z]     Got:      16. Test:: 16. When there are no clients with completed appo...
[2026-06-24T18:02:22.030Z]   MISMATCH: rWzmN4QKu
[2026-06-24T18:02:22.031Z]     Expected: 15. When a client has completed appointments across multiple...
[2026-06-24T18:02:22.031Z]     Got:      15. Test:: 15. When a client has completed appointments acro...
[2026-06-24T18:02:22.271Z]   MISMATCH: Y5tbdVZcr
[2026-06-24T18:02:22.272Z]     Expected: 14. Example: Clients matching all filters — Client 1 (Active...
[2026-06-24T18:02:22.272Z]     Got:      14. Test:: 14. Example: Clients matching all filters — Clien...
[2026-06-24T18:02:22.516Z]   MISMATCH: T_1PQMJoo
[2026-06-24T18:02:22.516Z]     Expected: 12. Example: Service Y — Client 10 (Active), Client 11 (Inac...
[2026-06-24T18:02:22.517Z]     Got:      12. Test:: 12. Example: Service Y — Client 10 (Active), Clie...
[2026-06-24T18:02:23.659Z]   Verified 10/50...
[2026-06-24T18:02:25.980Z]   Verified 20/50...
[2026-06-24T18:02:28.330Z]   Verified 30/50...
[2026-06-24T18:02:30.709Z]   Verified 40/50...
[2026-06-24T18:02:33.030Z]   Verified 50/50...
[2026-06-24T18:02:33.031Z] 
[2026-06-24T18:02:33.031Z] Verification result: 0 verified, 50 mismatches
[2026-06-24T18:02:33.031Z] 
[2026-06-24T18:02:33.031Z] ======================================================================
[2026-06-24T18:02:33.032Z] INVESTIGATION & RESTORATION COMPLETE
[2026-06-24T18:02:33.032Z] ======================================================================
[2026-06-24T18:02:33.032Z] 
[2026-06-24T18:02:33.033Z] SUMMARY:
[2026-06-24T18:02:33.033Z]   Blocks investigated: 50
[2026-06-24T18:02:33.033Z]   Blocks corrupted: 50
[2026-06-24T18:02:33.033Z]   Blocks restored: 0
[2026-06-24T18:02:33.033Z]   Verification passed: 0
[2026-06-24T18:02:33.034Z] 
[2026-06-24T18:02:33.034Z] ⚠️  50 blocks failed verification
[2026-06-24T18:02:33.034Z] Manual review may be needed
[2026-06-24T18:02:33.034Z] 
[2026-06-24T18:02:33.034Z] Reports saved:
[2026-06-24T18:02:33.035Z]   - phase-3-corruption-report.json
[2026-06-24T18:02:33.035Z]   - phase-3-restoration-report.json
